<?xml version="1.0" encoding="UTF-8"?><testsuite errors="0" failures="0" name="io.cucumber.core.plugin.JUnitFormatter" skipped="0" tests="1" time="28.492">
<testcase classname="Login Functionality" name="Verify user able to login to Open Cart application" time="25.601">
<system-out><![CDATA[Given user is on Open Cart home page........................................passed
When user navigate to Open Cart login page from MyAccount flyout............passed
And user login with username "app.username" and password "app.password".....passed
Then Open Cart account page should open.....................................passed
]]></system-out>
</testcase>
</testsuite>
