<?xml version="1.0" encoding="UTF-8"?>
<testsuite xmlns:xsi="http://www.w3.org/2001/XMLSchema-instance" xsi:noNamespaceSchemaLocation="https://maven.apache.org/surefire/maven-failsafe-plugin/xsd/failsafe-test-report-3.0.xsd" version="3.0" name="Login Functionality" time="17.998" tests="1" errors="0" skipped="0" failures="0">
  <properties>
[...]
</properties>
  <testcase name="Verify user able to login to Orange HRM" classname="Login Functionality" time="17.998">
    <system-out><![CDATA[10:11:26.201 [main] DEBUG n.t.c.u.PropertiesFileLocalPreferences - LOADING LOCAL PROPERTIES FROM D:\Eclipse_Env\Workspace\SerenityBDDCucumberJunit\serenity.properties 

10:11:26.252 [main] DEBUG n.t.c.u.PropertiesFileLocalPreferences - LOADING LOCAL PROPERTIES FROM D:\Eclipse_Env\Workspace\SerenityBDDCucumberJunit\serenity.properties 

10:11:26.253 [main] DEBUG n.t.c.u.PropertiesFileLocalPreferences - LOADING LOCAL PROPERTIES FROM D:\Eclipse_Env\Workspace\SerenityBDDCucumberJunit\serenity.properties 

10:11:26.279 [main] DEBUG n.t.c.u.PropertiesFileLocalPreferences - webdriver.driver=chrome

10:11:26.279 [main] DEBUG n.t.c.u.PropertiesFileLocalPreferences - webdriver.base.url=https://opensource-demo.orangehrmlive.com/

10:11:26.972 [main] INFO  i.c.core.plugin.SerenityReporter - Running feature from file:///D:/Eclipse_Env/Workspace/SerenityBDDCucumberJunit/src/test/resources/features/LoginToOrangeHRM.feature

10:11:27.182 [main] DEBUG n.t.c.u.PropertiesFileLocalPreferences - LOADING LOCAL PROPERTIES FROM D:\Eclipse_Env\Workspace\SerenityBDDCucumberJunit\serenity.properties 

10:11:27.189 [main] DEBUG n.t.c.u.PropertiesFileLocalPreferences - LOADING LOCAL PROPERTIES FROM D:\Eclipse_Env\Workspace\SerenityBDDCucumberJunit\serenity.properties 

10:11:27.190 [main] DEBUG n.t.c.u.PropertiesFileLocalPreferences - LOADING LOCAL PROPERTIES FROM D:\Eclipse_Env\Workspace\SerenityBDDCucumberJunit\serenity.properties 

10:11:27.191 [main] DEBUG n.t.c.u.PropertiesFileLocalPreferences - webdriver.driver=chrome

10:11:27.191 [main] DEBUG n.t.c.u.PropertiesFileLocalPreferences - webdriver.base.url=https://opensource-demo.orangehrmlive.com/

10:11:27.202 [main] INFO   - 

-------------------------------------------------------------------------------------
     _______. _______ .______       _______ .__   __.  __  .___________.____    ____ 
    /       ||   ____||   _  \     |   ____||  \ |  | |  | |           |\   \  /   / 
   |   (----`|  |__   |  |_)  |    |  |__   |   \|  | |  | `---|  |----` \   \/   /  
    \   \    |   __|  |      /     |   __|  |  . `  | |  |     |  |       \_    _/   
.----)   |   |  |____ |  |\  \----.|  |____ |  |\   | |  |     |  |         |  |     
|_______/    |_______|| _| `._____||_______||__| \__| |__|     |__|         |__|    
                                                                                     
 News and tutorials at http://www.serenity-bdd.info                                  
 Documentation at https://wakaleo.gitbooks.io/the-serenity-book/content/             
 Join the Serenity Community on Gitter: https://gitter.im/serenity-bdd/serenity-core 
 Serenity BDD Support and Training at http://serenity-bdd.info/#/trainingandsupport  
-------------------------------------------------------------------------------------


10:11:27.206 [main] DEBUG n.thucydides.core.steps.StepEventBus - Test suite started for story net.thucydides.core.model.Story@bdb6eed2

10:11:27.209 [main] INFO   - Test Suite Started: Login Functionality



1
 Scenarios (
1 passed
)

5
 Steps (
5 passed
)

0m
18.273s





10:11:45.442 [main] DEBUG n.t.core.reports.ReportService - Reporting formats: [JSON, HTML]

10:11:45.523 [main] DEBUG n.t.core.reports.ReportService - Reporting formats: [JSON, HTML]

10:11:45.530 [main] DEBUG n.t.core.reports.ReportService - Generating reports for 1 test outcomes using: net.thucydides.core.reports.json.JSONTestOutcomeReporter@3ece1e79

10:11:45.531 [pool-2-thread-1] DEBUG n.t.core.reports.ReportService - Processing test outcome Login Functionality:Verify user able to login to Orange HRM

10:11:45.531 [pool-2-thread-1] INFO  n.t.core.reports.ReportService - net.thucydides.core.reports.json.JSONTestOutcomeReporter@3ece1e79: Generating report for test outcome: Login Functionality:Verify user able to login to Orange HRM

10:11:45.533 [pool-2-thread-1] DEBUG n.t.c.r.json.JSONTestOutcomeReporter - Generating JSON report for Verify user able to login to Orange HRM to file D:\Eclipse_Env\Workspace\SerenityBDDCucumberJunit\target\site\serenity\5365b77036416b46447139ec42f28c4199f466b3c3499bddc6e1764bebae1d18.json (using temp file D:\Eclipse_Env\Workspace\SerenityBDDCucumberJunit\target\site\serenity\5365b77036416b46447139ec42f28c4199f466b3c3499bddc6e1764bebae1d18.json8c6ec468-bb99-450f-8e1e-a5fadf5ac291)

10:11:45.574 [pool-2-thread-1] DEBUG n.t.core.reports.ReportService - Processing test outcome Login Functionality:Verify user able to login to Orange HRM done

10:11:45.574 [main] DEBUG n.t.core.reports.ReportService - Shutting down executor service

10:11:45.574 [main] DEBUG n.t.core.reports.ReportService - Reports generated in: 44 ms

10:11:45.574 [main] DEBUG n.t.core.reports.ReportService - Generating reports for 1 test outcomes using: net.thucydides.core.reports.html.HtmlAcceptanceTestReporter@53a5e217

10:11:45.577 [pool-3-thread-1] DEBUG n.t.core.reports.ReportService - Processing test outcome Login Functionality:Verify user able to login to Orange HRM

10:11:45.577 [pool-3-thread-1] INFO  n.t.core.reports.ReportService - net.thucydides.core.reports.html.HtmlAcceptanceTestReporter@53a5e217: Generating report for test outcome: Login Functionality:Verify user able to login to Orange HRM

10:11:45.604 [pool-3-thread-1] DEBUG n.t.c.r.m.cucumber.CucumberParser - Added feature Login Functionality

10:11:45.614 [pool-3-thread-1] DEBUG n.t.c.r.BaseRequirementsService - Requirement found for test outcome Verify user able to login to Orange HRM-[]: Optional[Requirement{name='Login Functionality', type='feature' parent = 'null', cardNumber='null'}]

10:11:45.617 [pool-3-thread-1] DEBUG n.t.c.r.BaseRequirementsService - Requirement found for test outcome Verify user able to login to Orange HRM-[]: Optional[Requirement{name='Login Functionality', type='feature' parent = 'null', cardNumber='null'}]

10:11:45.672 [pool-3-thread-1] DEBUG n.t.c.r.BaseRequirementsService - Requirement found for test outcome Verify user able to login to Orange HRM-[]: Optional[Requirement{name='Login Functionality', type='feature' parent = 'null', cardNumber='null'}]

10:11:45.673 [pool-3-thread-1] DEBUG n.t.c.r.BaseRequirementsService - Requirement found for test outcome Verify user able to login to Orange HRM-[]: Optional[Requirement{name='Login Functionality', type='feature' parent = 'null', cardNumber='null'}]

10:11:45.757 [pool-3-thread-1] DEBUG serenity.reporting - Generating report in 5365b77036416b46447139ec42f28c4199f466b3c3499bddc6e1764bebae1d18_screenshots.html

10:11:46.255 [pool-3-thread-1] DEBUG serenity.reporting - Generated report 5365b77036416b46447139ec42f28c4199f466b3c3499bddc6e1764bebae1d18_screenshots.html in 498 ms

10:11:46.861 [pool-3-thread-1] DEBUG serenity.reporting - Generating report in 5365b77036416b46447139ec42f28c4199f466b3c3499bddc6e1764bebae1d18.html

10:11:47.730 [pool-3-thread-1] DEBUG serenity.reporting - Generated report 5365b77036416b46447139ec42f28c4199f466b3c3499bddc6e1764bebae1d18.html in 869 ms

10:11:47.730 [pool-3-thread-1] DEBUG n.t.core.reports.ReportService - Processing test outcome Login Functionality:Verify user able to login to Orange HRM done

10:11:47.731 [main] DEBUG n.t.core.reports.ReportService - Shutting down executor service

10:11:47.731 [main] DEBUG n.t.core.reports.ReportService - Reports generated in: 2155 ms

10:11:47.752 [main] INFO  i.c.core.plugin.SerenityReporter - Cleanup test resources for URI file:///D:/Eclipse_Env/Workspace/SerenityBDDCucumberJunit/src/test/resources/features/LoginToOrangeHRM.feature

10:11:47.754 [main] DEBUG n.s.core.photography.Darkroom - Closing darkroom


@tag @tag2
Scenario Outline: Verify user able to login to Orange HRM # src/test/resources/features/LoginToOrangeHRM.feature:14
10:11:27.487 [pool-2-thread-1] INFO  i.c.core.plugin.SerenityReporter - Running feature from file:///D:/Eclipse_Env/Workspace/SerenityBDDCucumberJunit/src/test/resources/features/LoginToOrangeHRM.feature
10:11:27.626 [pool-2-thread-1] INFO   - 
  _____   ___   ___   _____     ___   _____     _     ___   _____   ___   ___  
 |_   _| | __| / __| |_   _|   / __| |_   _|   /_\   | _ \ |_   _| | __| |   \ 
   | |   | _|  \__ \   | |     \__ \   | |    / _ \  |   /   | |   | _|  | |) |
   |_|   |___| |___/   |_|     |___/   |_|   /_/ \_\ |_|_\   |_|   |___| |___/ 

Verify user able to login to Orange HRM(login-functionality;verify-user-able-to-login-to-orange-hrm)
--------------------------------------------------------------------------------
10:11:27.627 [pool-2-thread-1] INFO  n.thucydides.core.model.TestOutcome - SetUserStory Login Functionality
10:11:27.640 [pool-2-thread-1] INFO  n.thucydides.core.model.TestOutcome - SetUserStory Login Functionality
10:11:27.769 [pool-2-thread-1] DEBUG n.t.c.r.m.cucumber.CucumberParser - Added feature Login Functionality
10:11:28.446 [pool-2-thread-1] DEBUG n.t.core.steps.StepInterceptor - STARTING STEP: OrangeHRMStepDefinitions.user_is_on_orange_hrm_login_page - openApp
10:11:28.504 [pool-2-thread-1] INFO  n.s.c.w.d.ChromeDriverProvider - Using automatically driver download
10:11:29.116 [pool-2-thread-1] DEBUG i.g.b.wdm.cache.ResolutionCache - Resolution chrome=93 in cache (valid until 11:00:51 10/09/2021 IST)
10:11:29.118 [pool-2-thread-1] DEBUG i.g.b.wdm.cache.ResolutionCache - Resolution chrome93=93.0.4577.63 in cache (valid until 10:00:51 11/09/2021 IST)
10:11:29.119 [pool-2-thread-1] INFO  i.g.bonigarcia.wdm.WebDriverManager - Using chromedriver 93.0.4577.63 (resolved driver for Chrome 93)
10:11:29.132 [pool-2-thread-1] DEBUG i.g.bonigarcia.wdm.WebDriverManager - Driver chromedriver 93.0.4577.63 found in cache
10:11:29.133 [pool-2-thread-1] INFO  i.g.bonigarcia.wdm.WebDriverManager - Exporting webdriver.chrome.driver as C:\Users\Jaga\.cache\selenium\chromedriver\win32\93.0.4577.63\chromedriver.exe
10:11:29.989 [pool-2-thread-1] INFO  n.s.c.w.d.ProvideNewDriver - Instantiating driver
10:11:29.991 [pool-2-thread-1] INFO  n.s.c.w.d.ProvideNewDriver - Driver capabilities: Capabilities {acceptInsecureCerts: false, base.url: https://opensource-demo.ora..., browserName: chrome, driver: chrome, goog:chromeOptions: {args: [], extensions: []}, loggingPrefs: org.openqa.selenium.logging...}
10:11:36.716 [pool-2-thread-1] DEBUG n.s.core.photography.Darkroom - Opening darkroom
10:11:36.717 [Darkroom Processing Line] DEBUG n.s.c.p.DarkroomProcessingLine - Darkroom processing line starting up
10:11:37.440 [pool-2-thread-1] DEBUG n.s.core.photography.Darkroom - Send negative for processing for target\site\serenity\ac9f7b18524399d64465750734ee899a093c853e4dacdf24bac20ba9674d667a.png
10:11:37.441 [Darkroom Processing Line] DEBUG n.s.c.p.DarkroomProcessingLine - Processing screenshot image in /var/screenshots/screenshot-15391759340600574652
10:11:37.441 [Darkroom Processing Line] DEBUG n.s.c.p.DarkroomProcessingLine - Saving screenshot to target\site\serenity\ac9f7b18524399d64465750734ee899a093c853e4dacdf24bac20ba9674d667a.png
10:11:37.450 [pool-2-thread-1] DEBUG n.t.core.steps.StepInterceptor - STEP DONE: openApp
  Given user is on Orange HRM login page                  # qa.jtaf.serenity.steps.OrangeHRMStepDefinitions.user_is_on_orange_hrm_login_page()
10:11:37.720 [pool-2-thread-1] DEBUG n.s.core.photography.Darkroom - Send negative for processing for target\site\serenity\ac9f7b18524399d64465750734ee899a093c853e4dacdf24bac20ba9674d667a.png
10:11:37.733 [pool-2-thread-1] DEBUG n.t.core.steps.StepInterceptor - STARTING STEP: OrangeHRMStepDefinitions.user_enters_username - enterUserName
10:11:38.370 [pool-2-thread-1] DEBUG n.s.core.photography.Darkroom - Send negative for processing for target\site\serenity\837aa1a3f4e8b6837b62371c6acccfce0b21f51b9a9b10fa6308c172eb0d99aa.png
10:11:38.370 [pool-2-thread-1] DEBUG n.t.core.steps.StepInterceptor - STEP DONE: enterUserName
10:11:38.370 [Darkroom Processing Line] DEBUG n.s.c.p.DarkroomProcessingLine - Processing screenshot image in /var/screenshots/screenshot-6398004214247422703
  When user enters username "Admin"                       # qa.jtaf.serenity.steps.OrangeHRMStepDefinitions.user_enters_username(java.lang.String)
10:11:38.371 [Darkroom Processing Line] DEBUG n.s.c.p.DarkroomProcessingLine - Saving screenshot to target\site\serenity\837aa1a3f4e8b6837b62371c6acccfce0b21f51b9a9b10fa6308c172eb0d99aa.png
10:11:38.391 [pool-2-thread-1] DEBUG n.t.core.steps.StepInterceptor - STARTING STEP: OrangeHRMStepDefinitions.user_enters_password - enterPassword
10:11:38.949 [pool-2-thread-1] DEBUG n.s.core.photography.Darkroom - Send negative for processing for target\site\serenity\2b6e4b4072355dcd89d933c96fb4be79f8d4c35dad035b04c820a38cad3e340d.png
10:11:38.950 [pool-2-thread-1] DEBUG n.t.core.steps.StepInterceptor - STEP DONE: enterPassword
  And user enters password "admin123"                     # qa.jtaf.serenity.steps.OrangeHRMStepDefinitions.user_enters_password(java.lang.String)
10:11:38.950 [Darkroom Processing Line] DEBUG n.s.c.p.DarkroomProcessingLine - Processing screenshot image in /var/screenshots/screenshot-4360690829260121036
10:11:38.951 [Darkroom Processing Line] DEBUG n.s.c.p.DarkroomProcessingLine - Saving screenshot to target\site\serenity\2b6e4b4072355dcd89d933c96fb4be79f8d4c35dad035b04c820a38cad3e340d.png
10:11:38.982 [pool-2-thread-1] DEBUG n.t.core.steps.StepInterceptor - STARTING STEP: OrangeHRMStepDefinitions.user_clicks_login_button - clickLogin
10:11:44.073 [pool-2-thread-1] DEBUG n.s.core.photography.Darkroom - Send negative for processing for target\site\serenity\dceeb412279378abe53f6a2ba2810185ae32cf6ccf9b7102af93c81f81bbdef2.png
10:11:44.074 [pool-2-thread-1] DEBUG n.t.core.steps.StepInterceptor - STEP DONE: clickLogin
10:11:44.074 [Darkroom Processing Line] DEBUG n.s.c.p.DarkroomProcessingLine - Processing screenshot image in /var/screenshots/screenshot-14773896906352382603
10:11:44.074 [Darkroom Processing Line] DEBUG n.s.c.p.DarkroomProcessingLine - Saving screenshot to target\site\serenity\dceeb412279378abe53f6a2ba2810185ae32cf6ccf9b7102af93c81f81bbdef2.png
  And user clicks login button                            # qa.jtaf.serenity.steps.OrangeHRMStepDefinitions.user_clicks_login_button()
10:11:44.094 [pool-2-thread-1] DEBUG n.t.core.steps.StepInterceptor - STARTING STEP: OrangeHRMStepDefinitions.orange_hrm_dashboard_page_should_open - verifyDashBoard
10:11:44.313 [pool-2-thread-1] DEBUG n.s.core.photography.Darkroom - Send negative for processing for target\site\serenity\dceeb412279378abe53f6a2ba2810185ae32cf6ccf9b7102af93c81f81bbdef2.png
10:11:44.313 [pool-2-thread-1] DEBUG n.t.core.steps.StepInterceptor - STEP DONE: verifyDashBoard
  Then Orange HRM dashboard page should open              # qa.jtaf.serenity.steps.OrangeHRMStepDefinitions.orange_hrm_dashboard_page_should_open()
10:11:45.214 [pool-2-thread-1] INFO   - 
  _____   ___   ___   _____     ___     _     ___   ___   ___   ___  
 |_   _| | __| / __| |_   _|   | _ \   /_\   / __| / __| | __| |   \ 
   | |   | _|  \__ \   | |     |  _/  / _ \  \__ \ \__ \ | _|  | |) |
   |_|   |___| |___/   |_|     |_|   /_/ \_\ |___/ |___/ |___| |___/ 

Verify user able to login to Orange HRM
----------------------------------------------------------------------
10:11:47.754 [Darkroom Processing Line] DEBUG n.s.c.p.DarkroomProcessingLine - Darkroom processing line shutting down
]]></system-out>
    <system-err><![CDATA[Starting ChromeDriver 93.0.4577.63 (ff5c0da2ec0adeaed5550e6c7e98417dac77d98a-refs/branch-heads/4577@{#1135}) on port 26574
Only local connections are allowed.
Please see https://chromedriver.chromium.org/security-considerations for suggestions on keeping ChromeDriver safe.
ChromeDriver was started successfully.
Sep 10, 2021 10:11:31 AM org.openqa.selenium.remote.ProtocolHandshake createSession
INFO: Detected dialect: W3C
]]></system-err>
  </testcase>
</testsuite>